0 info it worked if it ends with ok
1 verbose cli [ '/usr/bin/nodejs', '/usr/bin/npm', 'publish' ]
2 info using npm@3.10.10
3 info using node@v7.2.1
4 verbose publish [ '.' ]
5 silly cache add args [ '.', null ]
6 verbose cache add spec .
7 silly cache add parsed spec Result {
7 silly cache add   raw: '.',
7 silly cache add   scope: null,
7 silly cache add   escapedName: null,
7 silly cache add   name: null,
7 silly cache add   rawSpec: '.',
7 silly cache add   spec: '/home/pi/Projects/433MHz',
7 silly cache add   type: 'directory' }
8 verbose addLocalDirectory /home/pi/.npm/433MHz/1.0.0/package.tgz not in flight; packing
9 verbose correctMkdir /home/pi/.npm correctMkdir not in flight; initializing
10 info lifecycle 433MHz@1.0.0~prepublish: 433MHz@1.0.0
11 silly lifecycle 433MHz@1.0.0~prepublish: no script for prepublish, continuing
12 verbose tar pack [ '/home/pi/.npm/433MHz/1.0.0/package.tgz',
12 verbose tar pack   '/home/pi/Projects/433MHz' ]
13 verbose tarball /home/pi/.npm/433MHz/1.0.0/package.tgz
14 verbose folder /home/pi/Projects/433MHz
15 verbose addLocalTarball adding from inside cache /home/pi/.npm/433MHz/1.0.0/package.tgz
16 verbose correctMkdir /home/pi/.npm correctMkdir not in flight; initializing
17 silly cache afterAdd 433MHz@1.0.0
18 verbose afterAdd /home/pi/.npm/433MHz/1.0.0/package/package.json not in flight; writing
19 verbose correctMkdir /home/pi/.npm correctMkdir not in flight; initializing
20 verbose afterAdd /home/pi/.npm/433MHz/1.0.0/package/package.json written
21 silly publish { name: '433MHz',
21 silly publish   version: '1.0.0',
21 silly publish   description: 'A module for sending data on a 433MHz transmitter / receiver on a Raspberry Pi.',
21 silly publish   main: 'index.js',
21 silly publish   repository:
21 silly publish    { type: 'git',
21 silly publish      url: 'git+https://github.com/Capevace/433MHz.git' },
21 silly publish   author: { name: 'Lukas von Mateffy', url: '@Capevace' },
21 silly publish   license: 'MIT',
21 silly publish   readme: '# 433MHz\nThis is a npm package, used for transmitting data via 433 MHz transmitters on a raspberry pi.\n\n## Usage\n```js\nconst transmitCode = require(\'433MHz\');\n\n// Input the code that you want to be transmitted\ntransmitCode(\'1111111111111111111010111\');\n\n// You have multiple options to customize the transmission\ntransmitCode(\'1111111111111111111010111\', {\n  transmitPin: 18,\n  shortDelay: 0.001,\n  longDelay: 0.005,\n  packetDelay: 0.05,\n});\n```\n\n### Options\n#### transmitPin\nThis is the pin, the data pin of the transmitter is connected to on the GPIO.\n**Default:** 18\n\n#### shortDelay\nThe short delay between pin output state changes.\n**Default:** 0.00037\n\n#### longDelay\nThe longer delay between pin output state changes.\n**Default:** 0.00101\n\n#### packetDelay\nThe delay between attempts (packets) of code data transmitted.\n**Default:** 0.01102\n\n**Made by Lukas von Mateffy** (@Capevace)\n',
21 silly publish   readmeFilename: 'README.md',
21 silly publish   gitHead: '16afca587ec80b8d56db4eb534059bbdabc3cb8d',
21 silly publish   bugs: { url: 'https://github.com/Capevace/433MHz/issues' },
21 silly publish   homepage: 'https://github.com/Capevace/433MHz#readme',
21 silly publish   _id: '433MHz@1.0.0',
21 silly publish   scripts: {},
21 silly publish   _shasum: 'e10fc8f159da6fd7ba26f30909bc5203e3dec9d4',
21 silly publish   _from: '.' }
22 verbose getPublishConfig undefined
23 silly mapToRegistry name 433MHz
24 silly mapToRegistry using default registry
25 silly mapToRegistry registry https://registry.npmjs.org/
26 silly mapToRegistry data Result {
26 silly mapToRegistry   raw: '433MHz',
26 silly mapToRegistry   scope: null,
26 silly mapToRegistry   escapedName: '433MHz',
26 silly mapToRegistry   name: '433MHz',
26 silly mapToRegistry   rawSpec: '',
26 silly mapToRegistry   spec: 'latest',
26 silly mapToRegistry   type: 'tag' }
27 silly mapToRegistry uri https://registry.npmjs.org/433MHz
28 verbose publish registryBase https://registry.npmjs.org/
29 silly publish uploading /home/pi/.npm/433MHz/1.0.0/package.tgz
30 verbose request uri https://registry.npmjs.org/433MHz
31 verbose request sending authorization for write operation
32 info attempt registry request try #1 at 11:51:47 PM
33 verbose request using bearer token for auth
34 verbose request id 9db7bd9d9d610837
35 http request PUT https://registry.npmjs.org/433MHz
36 http 400 https://registry.npmjs.org/433MHz
37 verbose headers { 'content-type': 'application/json',
37 verbose headers   'cache-control': 'max-age=300',
37 verbose headers   'content-length': '55',
37 verbose headers   'accept-ranges': 'bytes',
37 verbose headers   date: 'Sun, 25 Dec 2016 22:51:51 GMT',
37 verbose headers   via: '1.1 varnish',
37 verbose headers   connection: 'keep-alive',
37 verbose headers   'x-served-by': 'cache-fra1244-FRA',
37 verbose headers   'x-cache': 'MISS',
37 verbose headers   'x-cache-hits': '0',
37 verbose headers   'x-timer': 'S1482706309.424298,VS0,VE1599',
37 verbose headers   vary: 'Accept-Encoding' }
38 verbose request invalidating /home/pi/.npm/registry.npmjs.org/433MHz on PUT
39 error publish Failed PUT 400
40 verbose stack Error: "name must be lower case" : 433MHz
40 verbose stack     at makeError (/usr/lib/node_modules/npm/node_modules/npm-registry-client/lib/request.js:302:12)
40 verbose stack     at CachingRegistryClient.<anonymous> (/usr/lib/node_modules/npm/node_modules/npm-registry-client/lib/request.js:290:14)
40 verbose stack     at Request._callback (/usr/lib/node_modules/npm/node_modules/npm-registry-client/lib/request.js:210:14)
40 verbose stack     at Request.self.callback (/usr/lib/node_modules/npm/node_modules/request/request.js:187:22)
40 verbose stack     at emitTwo (events.js:106:13)
40 verbose stack     at Request.emit (events.js:191:7)
40 verbose stack     at Request.<anonymous> (/usr/lib/node_modules/npm/node_modules/request/request.js:1048:10)
40 verbose stack     at emitOne (events.js:96:13)
40 verbose stack     at Request.emit (events.js:188:7)
40 verbose stack     at IncomingMessage.<anonymous> (/usr/lib/node_modules/npm/node_modules/request/request.js:969:12)
41 verbose statusCode 400
42 verbose pkgid 433MHz
43 verbose cwd /home/pi/Projects/433MHz
44 error Linux 4.4.34-v7+
45 error argv "/usr/bin/nodejs" "/usr/bin/npm" "publish"
46 error node v7.2.1
47 error npm  v3.10.10
48 error code E400
49 error "name must be lower case" : 433MHz
50 error If you need help, you may report this error at:
50 error     <https://github.com/npm/npm/issues>
51 verbose exit [ 1, true ]
